*** Starting uWSGI 2.0.21 (64bit) on [Sun Apr 23 21:31:43 2023] ***
compiled with version: 11.2.0 on 28 March 2023 07:30:06
os: Linux-5.4.0-139-generic #156-Ubuntu SMP Fri Jan 20 17:27:18 UTC 2023
nodename: VM-8-13-ubuntu
machine: x86_64
clock source: unix
pcre jit disabled
detected number of CPU cores: 2
current working directory: /home/aamofe/RookieVid_Backend
writing pidfile to uwsgi.pid
detected binary path: /home/aamofe/miniconda3/envs/django/bin/uwsgi
chdir() to /home/aamofe/RookieVid_Backend
your processes number limit is 7547
your memory page size is 4096 bytes
detected max file descriptor number: 1024
lock engine: pthread robust mutexes
thunder lock: disabled (you can enable it with --thunder-lock)
uwsgi socket 0 bound to TCP address 127.0.0.1:8000 fd 6
Python version: 3.8.16 (default, Mar  2 2023, 03:21:46)  [GCC 11.2.0]
Set PythonHome to /home/aamofe/miniconda3/envs/django
Python main interpreter initialized at 0x148be70
python threads support enabled
your server socket listen backlog is limited to 100 connections
your mercy for graceful operations on workers is 60 seconds
mapped 416880 bytes (407 KB) for 8 cores
*** Operational MODE: preforking+threaded ***
WSGI app 0 (mountpoint='') ready in 1 seconds on interpreter 0x148be70 pid: 3023239 (default app)
*** uWSGI is running in multiple interpreter mode ***
spawned uWSGI master process (pid: 3023239)
spawned uWSGI worker 1 (pid: 3023242, cores: 2)
spawned uWSGI worker 2 (pid: 3023243, cores: 2)
spawned uWSGI worker 3 (pid: 3023245, cores: 2)
spawned uWSGI worker 4 (pid: 3023246, cores: 2)
